<?xml version="1.0" encoding="UTF-8"?>
<!-- Generated by org.testng.reporters.JUnitReportReporter -->
<testsuite hostname="DESKTOP-O0J8U4I" failures="0" tests="4" name="api.Test.UserTests" time="8.166" errors="0" timestamp="2025-02-19T10:57:45 IST" skipped="0">
  <testcase classname="api.Test.UserTests" name="testPostUser" time="3.125"/>
  <testcase classname="api.Test.UserTests" name="testgetUserByName" time="1.326"/>
  <testcase classname="api.Test.UserTests" name="testUpdateUserByName" time="2.503"/>
  <testcase classname="api.Test.UserTests" name="testDeleteUserByName" time="1.212"/>
</testsuite> <!-- api.Test.UserTests -->
